<?xml version="1.0" encoding="UTF-8"?>
<!-- Generated by org.testng.reporters.JUnitReportReporter -->
<testsuite skipped="0" hostname="BLRKEC266546L" name="com.telstra.test.FlipTest" tests="1" failures="0" timestamp="2019-08-14T23:37:54 IST" time="16.881" errors="0">
  <testcase name="FirstFlip" time="16.881" classname="com.telstra.test.FlipTest"/>
</testsuite> <!-- com.telstra.test.FlipTest -->
